{"/home/khunpleum/Workspace/Personal/React/react-foundation/src/App.tsx": {"path":"/home/khunpleum/Workspace/Personal/React/react-foundation/src/App.tsx","statementMap":{"0":{"start":{"line":1,"column":0},"end":{"line":1,"column":18}},"1":{"start":{"line":2,"column":0},"end":{"line":2,"column":39}},"2":{"start":{"line":5,"column":2},"end":{"line":9,"column":null}},"3":{"start":{"line":12,"column":0},"end":{"line":12,"column":null}}},"fnMap":{"0":{"name":"App","decl":{"start":{"line":4,"column":9},"end":{"line":4,"column":12}},"loc":{"start":{"line":4,"column":12},"end":{"line":10,"column":1}}}},"branchMap":{},"s":{"0":0,"1":0,"2":0,"3":0},"f":{"0":0},"b":{}}
,"/home/khunpleum/Workspace/Personal/React/react-foundation/src/main.tsx": {"path":"/home/khunpleum/Workspace/Personal/React/react-foundation/src/main.tsx","statementMap":{"0":{"start":{"line":1,"column":0},"end":{"line":1,"column":25}},"1":{"start":{"line":2,"column":0},"end":{"line":2,"column":39}},"2":{"start":{"line":3,"column":0},"end":{"line":3,"column":23}},"3":{"start":{"line":4,"column":0},"end":{"line":4,"column":20}},"4":{"start":{"line":6,"column":0},"end":{"line":10,"column":null}}},"fnMap":{},"branchMap":{},"s":{"0":0,"1":0,"2":0,"3":0,"4":0},"f":{},"b":{}}
,"/home/khunpleum/Workspace/Personal/React/react-foundation/src/modules/Note/index.tsx": {"path":"/home/khunpleum/Workspace/Personal/React/react-foundation/src/modules/Note/index.tsx","statementMap":{"0":{"start":{"line":1,"column":0},"end":{"line":1,"column":32}},"1":{"start":{"line":3,"column":0},"end":{"line":3,"column":47}},"2":{"start":{"line":4,"column":0},"end":{"line":4,"column":43}},"3":{"start":{"line":6,"column":30},"end":{"line":6,"column":86}},"4":{"start":{"line":9,"column":28},"end":{"line":9,"column":59}},"5":{"start":{"line":10,"column":42},"end":{"line":10,"column":72}},"6":{"start":{"line":12,"column":23},"end":{"line":27,"column":3}},"7":{"start":{"line":13,"column":4},"end":{"line":25,"column":null}},"8":{"start":{"line":14,"column":6},"end":{"line":22,"column":null}},"9":{"start":{"line":15,"column":8},"end":{"line":21,"column":10}},"10":{"start":{"line":16,"column":26},"end":{"line":16,"column":60}},"11":{"start":{"line":17,"column":10},"end":{"line":19,"column":null}},"12":{"start":{"line":18,"column":12},"end":{"line":18,"column":null}},"13":{"start":{"line":20,"column":10},"end":{"line":20,"column":null}},"14":{"start":{"line":23,"column":6},"end":{"line":23,"column":null}},"15":{"start":{"line":24,"column":6},"end":{"line":24,"column":12}},"16":{"start":{"line":26,"column":4},"end":{"line":26,"column":null}},"17":{"start":{"line":26,"column":30},"end":{"line":26,"column":75}},"18":{"start":{"line":29,"column":27},"end":{"line":31,"column":3}},"19":{"start":{"line":30,"column":4},"end":{"line":30,"column":null}},"20":{"start":{"line":33,"column":29},"end":{"line":36,"column":3}},"21":{"start":{"line":34,"column":27},"end":{"line":34,"column":84}},"22":{"start":{"line":34,"column":57},"end":{"line":34,"column":83}},"23":{"start":{"line":35,"column":4},"end":{"line":35,"column":null}},"24":{"start":{"line":38,"column":2},"end":{"line":53,"column":null}},"25":{"start":{"line":8,"column":0},"end":{"line":8,"column":24}}},"fnMap":{"0":{"name":"NoteModule","decl":{"start":{"line":8,"column":24},"end":{"line":8,"column":34}},"loc":{"start":{"line":8,"column":34},"end":{"line":54,"column":1}}},"1":{"name":"(anonymous_1)","decl":{"start":{"line":12,"column":23},"end":{"line":12,"column":24}},"loc":{"start":{"line":12,"column":38},"end":{"line":27,"column":3}}},"2":{"name":"(anonymous_2)","decl":{"start":{"line":14,"column":15},"end":{"line":14,"column":16}},"loc":{"start":{"line":15,"column":8},"end":{"line":21,"column":10}}},"3":{"name":"(anonymous_3)","decl":{"start":{"line":15,"column":24},"end":{"line":15,"column":25}},"loc":{"start":{"line":15,"column":40},"end":{"line":21,"column":9}}},"4":{"name":"(anonymous_4)","decl":{"start":{"line":26,"column":13},"end":{"line":26,"column":14}},"loc":{"start":{"line":26,"column":30},"end":{"line":26,"column":75}}},"5":{"name":"(anonymous_5)","decl":{"start":{"line":29,"column":27},"end":{"line":29,"column":28}},"loc":{"start":{"line":29,"column":42},"end":{"line":31,"column":3}}},"6":{"name":"(anonymous_6)","decl":{"start":{"line":33,"column":29},"end":{"line":33,"column":30}},"loc":{"start":{"line":33,"column":44},"end":{"line":36,"column":3}}},"7":{"name":"(anonymous_7)","decl":{"start":{"line":34,"column":40},"end":{"line":34,"column":41}},"loc":{"start":{"line":34,"column":57},"end":{"line":34,"column":83}}}},"branchMap":{"0":{"loc":{"start":{"line":13,"column":4},"end":{"line":25,"column":null}},"type":"if","locations":[{"start":{"line":13,"column":4},"end":{"line":25,"column":null}}]},"1":{"loc":{"start":{"line":17,"column":10},"end":{"line":19,"column":null}},"type":"if","locations":[{"start":{"line":17,"column":10},"end":{"line":19,"column":null}}]}},"s":{"0":1,"1":1,"2":1,"3":1,"4":10,"5":10,"6":10,"7":2,"8":1,"9":1,"10":1,"11":1,"12":0,"13":1,"14":1,"15":1,"16":1,"17":1,"18":10,"19":2,"20":10,"21":1,"22":1,"23":1,"24":10,"25":1},"f":{"0":10,"1":2,"2":1,"3":1,"4":1,"5":2,"6":1,"7":1},"b":{"0":[1],"1":[0]}}
,"/home/khunpleum/Workspace/Personal/React/react-foundation/src/modules/Note/hook/useTimeTravel.ts": {"path":"/home/khunpleum/Workspace/Personal/React/react-foundation/src/modules/Note/hook/useTimeTravel.ts","statementMap":{"0":{"start":{"line":1,"column":0},"end":{"line":1,"column":29}},"1":{"start":{"line":2,"column":0},"end":{"line":2,"column":43}},"2":{"start":{"line":5,"column":32},"end":{"line":5,"column":46}},"3":{"start":{"line":6,"column":32},"end":{"line":6,"column":49}},"4":{"start":{"line":7,"column":30},"end":{"line":7,"column":47}},"5":{"start":{"line":9,"column":25},"end":{"line":15,"column":3}},"6":{"start":{"line":10,"column":4},"end":{"line":10,"column":null}},"7":{"start":{"line":10,"column":35},"end":{"line":10,"column":71}},"8":{"start":{"line":12,"column":4},"end":{"line":14,"column":null}},"9":{"start":{"line":13,"column":6},"end":{"line":13,"column":null}},"10":{"start":{"line":17,"column":23},"end":{"line":24,"column":3}},"11":{"start":{"line":18,"column":25},"end":{"line":18,"column":38}},"12":{"start":{"line":19,"column":4},"end":{"line":19,"column":29}},"13":{"start":{"line":19,"column":23},"end":{"line":19,"column":29}},"14":{"start":{"line":20,"column":4},"end":{"line":20,"column":null}},"15":{"start":{"line":21,"column":29},"end":{"line":21,"column":45}},"16":{"start":{"line":22,"column":4},"end":{"line":22,"column":null}},"17":{"start":{"line":23,"column":4},"end":{"line":23,"column":null}},"18":{"start":{"line":23,"column":32},"end":{"line":23,"column":58}},"19":{"start":{"line":26,"column":23},"end":{"line":33,"column":3}},"20":{"start":{"line":27,"column":21},"end":{"line":27,"column":33}},"21":{"start":{"line":28,"column":4},"end":{"line":28,"column":25}},"22":{"start":{"line":28,"column":19},"end":{"line":28,"column":25}},"23":{"start":{"line":29,"column":4},"end":{"line":29,"column":null}},"24":{"start":{"line":30,"column":28},"end":{"line":30,"column":43}},"25":{"start":{"line":31,"column":4},"end":{"line":31,"column":null}},"26":{"start":{"line":32,"column":4},"end":{"line":32,"column":null}},"27":{"start":{"line":32,"column":35},"end":{"line":32,"column":63}},"28":{"start":{"line":35,"column":16},"end":{"line":39,"column":3}},"29":{"start":{"line":36,"column":4},"end":{"line":36,"column":null}},"30":{"start":{"line":37,"column":4},"end":{"line":37,"column":null}},"31":{"start":{"line":38,"column":4},"end":{"line":38,"column":null}},"32":{"start":{"line":41,"column":2},"end":{"line":45,"column":null}},"33":{"start":{"line":42,"column":4},"end":{"line":44,"column":null}},"34":{"start":{"line":43,"column":6},"end":{"line":43,"column":null}},"35":{"start":{"line":47,"column":2},"end":{"line":55,"column":null}},"36":{"start":{"line":4,"column":0},"end":{"line":4,"column":16}}},"fnMap":{"0":{"name":"useTimeTravel","decl":{"start":{"line":4,"column":16},"end":{"line":4,"column":29}},"loc":{"start":{"line":4,"column":40},"end":{"line":56,"column":1}}},"1":{"name":"(anonymous_1)","decl":{"start":{"line":9,"column":25},"end":{"line":9,"column":26}},"loc":{"start":{"line":9,"column":53},"end":{"line":15,"column":3}}},"2":{"name":"(anonymous_2)","decl":{"start":{"line":10,"column":15},"end":{"line":10,"column":16}},"loc":{"start":{"line":10,"column":35},"end":{"line":10,"column":71}}},"3":{"name":"(anonymous_3)","decl":{"start":{"line":12,"column":15},"end":{"line":12,"column":16}},"loc":{"start":{"line":12,"column":33},"end":{"line":14,"column":5}}},"4":{"name":"(anonymous_4)","decl":{"start":{"line":17,"column":23},"end":{"line":17,"column":26}},"loc":{"start":{"line":17,"column":28},"end":{"line":24,"column":3}}},"5":{"name":"(anonymous_5)","decl":{"start":{"line":23,"column":14},"end":{"line":23,"column":15}},"loc":{"start":{"line":23,"column":32},"end":{"line":23,"column":58}}},"6":{"name":"(anonymous_6)","decl":{"start":{"line":26,"column":23},"end":{"line":26,"column":26}},"loc":{"start":{"line":26,"column":28},"end":{"line":33,"column":3}}},"7":{"name":"(anonymous_7)","decl":{"start":{"line":32,"column":15},"end":{"line":32,"column":16}},"loc":{"start":{"line":32,"column":35},"end":{"line":32,"column":63}}},"8":{"name":"(anonymous_8)","decl":{"start":{"line":35,"column":16},"end":{"line":35,"column":17}},"loc":{"start":{"line":35,"column":35},"end":{"line":39,"column":3}}},"9":{"name":"(anonymous_9)","decl":{"start":{"line":41,"column":12},"end":{"line":41,"column":15}},"loc":{"start":{"line":41,"column":17},"end":{"line":45,"column":3}}}},"branchMap":{"0":{"loc":{"start":{"line":19,"column":4},"end":{"line":19,"column":29}},"type":"if","locations":[{"start":{"line":19,"column":4},"end":{"line":19,"column":29}}]},"1":{"loc":{"start":{"line":28,"column":4},"end":{"line":28,"column":25}},"type":"if","locations":[{"start":{"line":28,"column":4},"end":{"line":28,"column":25}}]},"2":{"loc":{"start":{"line":42,"column":4},"end":{"line":44,"column":null}},"type":"if","locations":[{"start":{"line":42,"column":4},"end":{"line":44,"column":null}}]}},"s":{"0":3,"1":3,"2":122,"3":122,"4":122,"5":122,"6":81,"7":81,"8":81,"9":81,"10":122,"11":4,"12":4,"13":0,"14":4,"15":4,"16":4,"17":4,"18":4,"19":122,"20":2,"21":2,"22":0,"23":2,"24":2,"25":2,"26":2,"27":2,"28":122,"29":5,"30":5,"31":5,"32":122,"33":20,"34":20,"35":122,"36":3},"f":{"0":122,"1":81,"2":81,"3":81,"4":4,"5":4,"6":2,"7":2,"8":5,"9":20},"b":{"0":[0],"1":[0],"2":[20]}}
,"/home/khunpleum/Workspace/Personal/React/react-foundation/src/modules/Note/submodule/NoteEditor.tsx": {"path":"/home/khunpleum/Workspace/Personal/React/react-foundation/src/modules/Note/submodule/NoteEditor.tsx","statementMap":{"0":{"start":{"line":1,"column":0},"end":{"line":1,"column":32}},"1":{"start":{"line":2,"column":0},"end":{"line":2,"column":46}},"2":{"start":{"line":4,"column":0},"end":{"line":4,"column":53}},"3":{"start":{"line":12,"column":28},"end":{"line":12,"column":91}},"4":{"start":{"line":12,"column":43},"end":{"line":12,"column":85}},"5":{"start":{"line":21,"column":6},"end":{"line":21,"column":46}},"6":{"start":{"line":23,"column":27},"end":{"line":28,"column":3}},"7":{"start":{"line":24,"column":4},"end":{"line":27,"column":null}},"8":{"start":{"line":25,"column":6},"end":{"line":25,"column":null}},"9":{"start":{"line":26,"column":6},"end":{"line":26,"column":null}},"10":{"start":{"line":30,"column":2},"end":{"line":75,"column":null}},"11":{"start":{"line":40,"column":12},"end":{"line":40,"column":null}},"12":{"start":{"line":52,"column":12},"end":{"line":52,"column":null}},"13":{"start":{"line":67,"column":12},"end":{"line":67,"column":null}},"14":{"start":{"line":68,"column":12},"end":{"line":68,"column":null}},"15":{"start":{"line":78,"column":0},"end":{"line":78,"column":null}}},"fnMap":{"0":{"name":"NoteEditor","decl":{"start":{"line":11,"column":9},"end":{"line":11,"column":19}},"loc":{"start":{"line":11,"column":43},"end":{"line":76,"column":1}}},"1":{"name":"(anonymous_1)","decl":{"start":{"line":12,"column":36},"end":{"line":12,"column":39}},"loc":{"start":{"line":12,"column":43},"end":{"line":12,"column":85}}},"2":{"name":"(anonymous_2)","decl":{"start":{"line":23,"column":27},"end":{"line":23,"column":28}},"loc":{"start":{"line":23,"column":70},"end":{"line":28,"column":3}}},"3":{"name":"(anonymous_3)","decl":{"start":{"line":39,"column":20},"end":{"line":39,"column":21}},"loc":{"start":{"line":39,"column":30},"end":{"line":41,"column":11}}},"4":{"name":"(anonymous_4)","decl":{"start":{"line":51,"column":20},"end":{"line":51,"column":21}},"loc":{"start":{"line":51,"column":30},"end":{"line":53,"column":11}}},"5":{"name":"(anonymous_5)","decl":{"start":{"line":66,"column":19},"end":{"line":66,"column":22}},"loc":{"start":{"line":66,"column":24},"end":{"line":69,"column":11}}}},"branchMap":{"0":{"loc":{"start":{"line":21,"column":26},"end":{"line":21,"column":45}},"type":"binary-expr","locations":[{"start":{"line":21,"column":26},"end":{"line":21,"column":30}},{"start":{"line":21,"column":34},"end":{"line":21,"column":45}}]},"1":{"loc":{"start":{"line":24,"column":4},"end":{"line":27,"column":null}},"type":"if","locations":[{"start":{"line":24,"column":4},"end":{"line":27,"column":null}}]}},"s":{"0":2,"1":2,"2":2,"3":108,"4":12,"5":108,"6":108,"7":62,"8":1,"9":1,"10":108,"11":62,"12":13,"13":3,"14":3,"15":2},"f":{"0":108,"1":12,"2":62,"3":62,"4":13,"5":3},"b":{"0":[108,93],"1":[1]}}
,"/home/khunpleum/Workspace/Personal/React/react-foundation/src/modules/Note/submodule/NoteList.tsx": {"path":"/home/khunpleum/Workspace/Personal/React/react-foundation/src/modules/Note/submodule/NoteList.tsx","statementMap":{"0":{"start":{"line":10,"column":46},"end":{"line":10,"column":51}},"1":{"start":{"line":12,"column":2},"end":{"line":41,"column":null}},"2":{"start":{"line":15,"column":8},"end":{"line":38,"column":null}},"3":{"start":{"line":24,"column":18},"end":{"line":24,"column":null}},"4":{"start":{"line":31,"column":18},"end":{"line":31,"column":null}},"5":{"start":{"line":44,"column":0},"end":{"line":44,"column":null}}},"fnMap":{"0":{"name":"NoteList","decl":{"start":{"line":9,"column":9},"end":{"line":9,"column":17}},"loc":{"start":{"line":9,"column":30},"end":{"line":42,"column":1}}},"1":{"name":"(anonymous_1)","decl":{"start":{"line":14,"column":17},"end":{"line":14,"column":18}},"loc":{"start":{"line":14,"column":33},"end":{"line":39,"column":7}}},"2":{"name":"(anonymous_2)","decl":{"start":{"line":23,"column":25},"end":{"line":23,"column":28}},"loc":{"start":{"line":23,"column":30},"end":{"line":25,"column":17}}},"3":{"name":"(anonymous_3)","decl":{"start":{"line":30,"column":25},"end":{"line":30,"column":28}},"loc":{"start":{"line":30,"column":30},"end":{"line":32,"column":17}}}},"branchMap":{"0":{"loc":{"start":{"line":19,"column":16},"end":{"line":19,"column":34}},"type":"binary-expr","locations":[{"start":{"line":19,"column":16},"end":{"line":19,"column":28}},{"start":{"line":19,"column":32},"end":{"line":19,"column":34}}]}},"s":{"0":13,"1":13,"2":13,"3":3,"4":2,"5":2},"f":{"0":13,"1":13,"2":3,"3":2},"b":{"0":[13,1]}}
}
