TN:
SF:src/App.tsx
FN:4,App
FNF:1
FNH:0
FNDA:0,App
DA:1,0
DA:2,0
DA:5,0
DA:12,0
LF:4
LH:0
BRF:0
BRH:0
end_of_record
TN:
SF:src/main.tsx
FNF:0
FNH:0
DA:1,0
DA:2,0
DA:3,0
DA:4,0
DA:6,0
LF:5
LH:0
BRF:0
BRH:0
end_of_record
TN:
SF:src/modules/Note/index.tsx
FN:8,NoteModule
FN:12,(anonymous_1)
FN:14,(anonymous_2)
FN:15,(anonymous_3)
FN:26,(anonymous_4)
FN:29,(anonymous_5)
FN:33,(anonymous_6)
FN:34,(anonymous_7)
FNF:8
FNH:8
FNDA:10,NoteModule
FNDA:2,(anonymous_1)
FNDA:1,(anonymous_2)
FNDA:1,(anonymous_3)
FNDA:1,(anonymous_4)
FNDA:2,(anonymous_5)
FNDA:1,(anonymous_6)
FNDA:1,(anonymous_7)
DA:1,1
DA:3,1
DA:4,1
DA:6,1
DA:8,1
DA:9,10
DA:10,10
DA:12,10
DA:13,2
DA:14,1
DA:15,1
DA:16,1
DA:17,1
DA:18,0
DA:20,1
DA:23,1
DA:24,1
DA:26,1
DA:29,10
DA:30,2
DA:33,10
DA:34,1
DA:35,1
DA:38,10
LF:24
LH:23
BRDA:13,0,0,1
BRDA:17,1,0,0
BRF:2
BRH:1
end_of_record
TN:
SF:src/modules/Note/hook/useTimeTravel.ts
FN:4,useTimeTravel
FN:9,(anonymous_1)
FN:10,(anonymous_2)
FN:12,(anonymous_3)
FN:17,(anonymous_4)
FN:23,(anonymous_5)
FN:26,(anonymous_6)
FN:32,(anonymous_7)
FN:35,(anonymous_8)
FN:41,(anonymous_9)
FNF:10
FNH:10
FNDA:122,useTimeTravel
FNDA:81,(anonymous_1)
FNDA:81,(anonymous_2)
FNDA:81,(anonymous_3)
FNDA:4,(anonymous_4)
FNDA:4,(anonymous_5)
FNDA:2,(anonymous_6)
FNDA:2,(anonymous_7)
FNDA:5,(anonymous_8)
FNDA:20,(anonymous_9)
DA:1,3
DA:2,3
DA:4,3
DA:5,122
DA:6,122
DA:7,122
DA:9,122
DA:10,81
DA:12,81
DA:13,81
DA:17,122
DA:18,4
DA:19,4
DA:20,4
DA:21,4
DA:22,4
DA:23,4
DA:26,122
DA:27,2
DA:28,2
DA:29,2
DA:30,2
DA:31,2
DA:32,2
DA:35,122
DA:36,5
DA:37,5
DA:38,5
DA:41,122
DA:42,20
DA:43,20
DA:47,122
LF:32
LH:32
BRDA:19,0,0,0
BRDA:28,1,0,0
BRDA:42,2,0,20
BRF:3
BRH:1
end_of_record
TN:
SF:src/modules/Note/submodule/NoteEditor.tsx
FN:11,NoteEditor
FN:12,(anonymous_1)
FN:23,(anonymous_2)
FN:39,(anonymous_3)
FN:51,(anonymous_4)
FN:66,(anonymous_5)
FNF:6
FNH:6
FNDA:108,NoteEditor
FNDA:12,(anonymous_1)
FNDA:62,(anonymous_2)
FNDA:62,(anonymous_3)
FNDA:13,(anonymous_4)
FNDA:3,(anonymous_5)
DA:1,2
DA:2,2
DA:4,2
DA:12,108
DA:21,108
DA:23,108
DA:24,62
DA:25,1
DA:26,1
DA:30,108
DA:40,62
DA:52,13
DA:67,3
DA:68,3
DA:78,2
LF:15
LH:15
BRDA:21,0,0,108
BRDA:21,0,1,93
BRDA:24,1,0,1
BRF:3
BRH:3
end_of_record
TN:
SF:src/modules/Note/submodule/NoteList.tsx
FN:9,NoteList
FN:14,(anonymous_1)
FN:23,(anonymous_2)
FN:30,(anonymous_3)
FNF:4
FNH:4
FNDA:13,NoteList
FNDA:13,(anonymous_1)
FNDA:3,(anonymous_2)
FNDA:2,(anonymous_3)
DA:10,13
DA:12,13
DA:15,13
DA:24,3
DA:31,2
DA:44,2
LF:6
LH:6
BRDA:19,0,0,13
BRDA:19,0,1,1
BRF:2
BRH:2
end_of_record
